<?xml version="1.0" encoding="UTF-8"?>
<testsuite xmlns:xsi="http://www.w3.org/2001/XMLSchema-instance" xsi:noNamespaceSchemaLocation="https://maven.apache.org/surefire/maven-surefire-plugin/xsd/surefire-test-report-3.0.xsd" version="3.0" name="com.ecommerce.EcommerceTest" time="0.095" tests="5" errors="0" skipped="0" failures="0">
  <properties>
[...]
</properties>
  <testcase name="testRemoveProductFromCart" classname="com.ecommerce.EcommerceTest" time="0.079">
    <system-out><![CDATA[2024-07-01 20:32:36 DEBUG com.ecommerce.service.Ecommerce - Product added to catalog: productId:      de351f60-d7b3-4b6b-9194-fcd9bf145065name:          	 Laptopprice:         	 999.99category:      	 Electronics
2024-07-01 20:32:36 DEBUG com.ecommerce.service.Ecommerce - Product added to cart: productId:      de351f60-d7b3-4b6b-9194-fcd9bf145065name:          	 Laptopprice:         	 999.99category:      	 Electronics
2024-07-01 20:32:36 DEBUG com.ecommerce.service.Ecommerce - Product removed from cart: productId:      de351f60-d7b3-4b6b-9194-fcd9bf145065name:          	 Laptopprice:         	 999.99category:      	 Electronics
]]></system-out>
  </testcase>
  <testcase name="testShowProductsInCart" classname="com.ecommerce.EcommerceTest" time="0.003">
    <system-out><![CDATA[2024-07-01 20:32:36 DEBUG com.ecommerce.service.Ecommerce - Product added to catalog: productId:      abefde45-8b35-4d8d-9f98-f5a79613431ename:          	 Laptopprice:         	 999.99category:      	 Electronics
2024-07-01 20:32:36 DEBUG com.ecommerce.service.Ecommerce - Product added to cart: productId:      abefde45-8b35-4d8d-9f98-f5a79613431ename:          	 Laptopprice:         	 999.99category:      	 Electronics
2024-07-01 20:32:36 DEBUG com.ecommerce.service.Ecommerce - Products in cart: 
productId:      abefde45-8b35-4d8d-9f98-f5a79613431ename:          	 Laptopprice:         	 999.99category:      	 Electronics
]]></system-out>
  </testcase>
  <testcase name="testAddProductToCart" classname="com.ecommerce.EcommerceTest" time="0.001">
    <system-out><![CDATA[2024-07-01 20:32:36 DEBUG com.ecommerce.service.Ecommerce - Product added to catalog: productId:      188c47b6-daa9-4582-9dc7-1745c9b3a7cbname:          	 Laptopprice:         	 999.99category:      	 Electronics
2024-07-01 20:32:36 DEBUG com.ecommerce.service.Ecommerce - Product added to cart: productId:      188c47b6-daa9-4582-9dc7-1745c9b3a7cbname:          	 Laptopprice:         	 999.99category:      	 Electronics
]]></system-out>
  </testcase>
  <testcase name="testCalculateCartTotal" classname="com.ecommerce.EcommerceTest" time="0.002">
    <system-out><![CDATA[2024-07-01 20:32:36 DEBUG com.ecommerce.service.Ecommerce - Product added to catalog: productId:      d4bd97fe-c2d6-43c4-bb20-18b5333d278ename:          	 Laptopprice:         	 999.99category:      	 Electronics
2024-07-01 20:32:36 DEBUG com.ecommerce.service.Ecommerce - Product added to cart: productId:      d4bd97fe-c2d6-43c4-bb20-18b5333d278ename:          	 Laptopprice:         	 999.99category:      	 Electronics
2024-07-01 20:32:36 DEBUG com.ecommerce.service.Ecommerce - Product added to cart: productId:      5dfb12f3-4781-4331-b774-9f34308bd9e7name:          	 Smartphoneprice:         	 499.99category:      	 Electronics
2024-07-01 20:32:36 DEBUG com.ecommerce.service.Ecommerce - Total price for cart 6209ea8f-d69c-4645-bd09-18a809a3521d: 1499.98
]]></system-out>
  </testcase>
  <testcase name="testAddProductToCatalog" classname="com.ecommerce.EcommerceTest" time="0">
    <system-out><![CDATA[2024-07-01 20:32:36 DEBUG com.ecommerce.service.Ecommerce - Product added to catalog: productId:      af21f754-8264-45e5-ad2e-2337b17c5565name:          	 Laptopprice:         	 999.99category:      	 Electronics
]]></system-out>
  </testcase>
</testsuite>